* Checking valid files...
* WARNING: System files in '/inst' should not be Git tracked.
inst/.DS_Store
* ERROR: System files found that should not be Git tracked.
leukemiasAtlas.Rproj
* Checking for stray BiocCheck output folders...
* ERROR: Remove 'leukemiaAtlas.BiocCheck' from the package directory
* Checking for inst/doc folders... OK
* Checking DESCRIPTION... OK
* Checking if DESCRIPTION is well formatted... OK
* Checking for valid maintainer...
* NOTE: Consider adding the maintainer's ORCID iD in 'Authors@R' with 'comment=c(ORCID="...")'
* Checking CITATION... OK
* Checking for deprecated package usage... OK
* Checking for remote package usage... OK
* Checking for 'LazyData: true' usage... OK
* Checking version number... OK
* Checking version number validity... OK
* Checking R version dependency...
* NOTE: Update R version dependency from 4.2.0 to 4.3.0.
* Checking package size... OK
* Checking individual file sizes... OK
* Checking biocViews... OK
* Checking that biocViews are present... OK
* Checking package type based on biocViews... OK
* Checking for non-trivial biocViews... OK
* Checking that biocViews come from the same category... OK
* Checking biocViews validity... OK
* Checking for recommended biocViews...
* NOTE: Consider adding these automatically suggested biocViews: StemCell, SequencingData, GEO
* Checking build system compatibility... OK
* Checking for blank lines in DESCRIPTION... OK
* Checking for proper Description: field... OK
* Checking for whitespace in DESCRIPTION field names... OK
* Checking that Package field matches directory/tarball name... OK
* Checking for Version field... OK
* Checking License: for restrictive use... OK
* Checking for pinned package versions... OK
* Checking DESCRIPTION/NAMESPACE consistency... OK
* Checking .Rbuildignore... OK
* Checking vignette directory...
* NOTE:  'sessionInfo' not found in vignette(s)
Missing from file(s):
vignettes/leukemiaAtlas.Rmd
* Checking package installation calls in R code... OK
* Checking for library/require of leukemiaAtlas... OK
* Checking coding practice... OK
* Checking parsed R code in R directory, examples, vignettes... OK
* Checking function lengths... OK
* Checking man page documentation... OK
* Checking package NEWS... OK
* Checking unit tests... OK
* Checking skip_on_bioc() in tests... OK
* Checking formatting of DESCRIPTION, NAMESPACE, man pages, R source, and vignette source...
* NOTE: Consider shorter lines; 305 lines (13%) are > 80 characters long.
First few lines:
R/affer2011_CMLData.R#L 7 #' This contains information such as sam...
R/affer2011_CMLData.R#L10 #' Specific resources can be retrieved b...
R/affer2011_CMLData.R#L12 #' @return A \linkS4class{SummarizedExpe...
R/affer2011_CMLData.R#L18 #' Gene expression differences between e...
R/benito2012_CMLData.R#L 7 #' This contains information such as sam...
R/benito2012_CMLData.R#L10 #' Specific resources can be retrieved b...
R/benito2012_CMLData.R#L12 #' @return A \linkS4class{SummarizedExpe...
R/benito2012_CMLData.R#L18 #' Imatinib therapy of chronic myeloid l...
R/bruennert2009_CMLData.R#L 7 #' This contains information such as sam...
R/bruennert2009_CMLData.R#L10 #' Specific resources can be retrieved b...
R/bruennert2009_CMLData.R#L12 #' @return A \linkS4class{SummarizedExpe...
R/bruennert2009_CMLData.R#L18 #' Early in vivo changes of the transcri...
R/cancer2013_AMLData.R#L 3 #' Obtain the CML bulk RNA-seq data from...
R/cancer2013_AMLData.R#L 7 #' This contains information such as sam...
R/cancer2013_AMLData.R#L10 #' Specific resources can be retrieved b...
R/cancer2013_AMLData.R#L12 #' @return A \linkS4class{SummarizedExpe...
R/ceroi2016_acuteData.R#L 7 #' This contains information such as sam...
R/ceroi2016_acuteData.R#L10 #' Specific resources can be retrieved b...
R/ceroi2016_acuteData.R#L12 #' @return A \linkS4class{SummarizedExpe...
R/ceroi2016_acuteData.R#L18 #' LXR agonist treatment of blastic plas...
R/chuang2012_CLLData.R#L 7 #' This contains information such as sam...
R/chuang2012_CLLData.R#L10 #' Specific resources can be retrieved b...
R/chuang2012_CLLData.R#L12 #' @return A \linkS4class{SummarizedExpe...
R/chuang2012_CLLData.R#L18 #' Subnetwork-based analysis of chronic ...
R/chuang2012_CLLData.R#L19 #' \emph{Blood, The Journal of the Ameri...
R/chuang2015_AMLData.R#L 7 #' This contains information such as sam...
R/chuang2015_AMLData.R#L10 #' Specific resources can be retrieved b...
R/chuang2015_AMLData.R#L12 #' @return A \linkS4class{SummarizedExpe...
R/chuang2015_AMLData.R#L18 #' Subnetwork-based analysis of chronic ...
R/chuang2015_AMLData.R#L19 #' \emph{Blood, The Journal of the Ameri...
R/clelland2013_healthyData.R#L 7 #' This contains information such as sam...
R/clelland2013_healthyData.R#L10 #' Specific resources can be retrieved b...
R/clelland2013_healthyData.R#L12 #' @return A \linkS4class{SummarizedExpe...
R/clelland2013_healthyData.R#L18 #' Utilization of never-medicated bipola...
R/cramer2013_CMLData.R#L 7 #' This contains information such as sam...
R/cramer2013_CMLData.R#L10 #' Specific resources can be retrieved b...
R/cramer2013_CMLData.R#L12 #' @return A \linkS4class{SummarizedExpe...
R/cramer2013_CMLData.R#L18 #' Personalized synthetic lethality indu...
R/cramer2013_CMLData.R#L19 #' \emph{Blood, The Journal of the Ameri...
R/de2010_AMLData.R#L 7 #' This contains information such as sam...
R/de2010_AMLData.R#L10 #' Specific resources can be retrieved b...
R/de2010_AMLData.R#L12 #' @return A \linkS4class{SummarizedExpe...
R/de2010_AMLData.R#L18 #' High VEGFC expression is associated w...
R/de2010_AMLData.R#L19 #' \emph{Blood, The Journal of the Ameri...
R/grossmann2012_ALLData.R#L 7 #' This contains information such as sam...
R/grossmann2012_ALLData.R#L10 #' Specific resources can be retrieved b...
R/grossmann2012_ALLData.R#L12 #' @return A \linkS4class{SummarizedExpe...
R/grossmann2012_ALLData.R#L18 #' EZH2 mutations and their association ...
R/herold2011_CLLData.R#L 7 #' This contains information such as sam...
R/herold2011_CLLData.R#L10 #' Specific resources can be retrieved b...
R/herold2011_CLLData.R#L12 #' @return A \linkS4class{SummarizedExpe...
R/herold2011_CLLData.R#L18 #' An eight-gene expression signature fo...
R/hogan2011_ALLData.R#L 7 #' This contains information such as sam...
R/hogan2011_ALLData.R#L10 #' Specific resources can be retrieved b...
R/hogan2011_ALLData.R#L12 #' @return A \linkS4class{SummarizedExpe...
R/hogan2011_ALLData.R#L18 #' Integrated genomic analysis of relaps...
R/hogan2011_ALLData.R#L19 #' \emph{Blood, The Journal of the Ameri...
R/huang2010_healthyData.R#L 7 #' This contains information such as sam...
R/huang2010_healthyData.R#L10 #' Specific resources can be retrieved b...
R/huang2010_healthyData.R#L12 #' @return A \linkS4class{SummarizedExpe...
R/huang2010_healthyData.R#L18 #' Novel blood biomarkers of pancreatic ...
R/huang2010_healthyData.R#L19 #' \emph{Official journal of the America...
R/karlovich2009_healthyData.R#L 7 #' This contains information such as sam...
R/karlovich2009_healthyData.R#L10 #' Specific resources can be retrieved b...
R/karlovich2009_healthyData.R#L12 #' @return A \linkS4class{SummarizedExpe...
R/klein2009_AMLData.R#L 7 #' This contains information such as sam...
R/klein2009_AMLData.R#L10 #' Specific resources can be retrieved b...
R/klein2009_AMLData.R#L12 #' @return A \linkS4class{SummarizedExpe...
R/kohlmann2008_allData.R#L 3 #' Obtain the AML, ALL, CML, CLL and hea...
R/kohlmann2008_allData.R#L 7 #' This contains information such as sam...
R/kohlmann2008_allData.R#L10 #' Specific resources can be retrieved b...
R/kohlmann2008_allData.R#L12 #' @return A \linkS4class{SummarizedExpe...
R/kohlmann2008_allData.R#L18 #' An international standardization prog...
R/kong2012_healthyData.R#L 7 #' This contains information such as sam...
R/kong2012_healthyData.R#L10 #' Specific resources can be retrieved b...
R/kong2012_healthyData.R#L12 #' @return A \linkS4class{SummarizedExpe...
R/kong2012_healthyData.R#L18 #' characteristics and predictive value ...
R/krug2009_healthyData.R#L 7 #' This contains information such as sam...
R/krug2009_healthyData.R#L10 #' Specific resources can be retrieved b...
R/krug2009_healthyData.R#L12 #' @return A \linkS4class{SummarizedExpe...
R/lauwerys2013_healthyData.R#L 7 #' This contains information such as sam...
R/lauwerys2013_healthyData.R#L10 #' Specific resources can be retrieved b...
R/lauwerys2013_healthyData.R#L12 #' @return A \linkS4class{SummarizedExpe...
R/lauwerys2013_healthyData.R#L18 #' Down-regulation of interferon signatu...
R/leday2018_healthyData.R#L 7 #' This contains information such as sam...
R/leday2018_healthyData.R#L10 #' Specific resources can be retrieved b...
R/leday2018_healthyData.R#L12 #' @return A \linkS4class{SummarizedExpe...
R/leday2018_healthyData.R#L18 #' Replicable and coupled changes in inn...
R/leukemia_refData.R#L 6 #' Column metadata contains information ...
R/leukemia_refData.R#L 9 #' Specific resources can be retrieved b...
R/leukemia_refData.R#L11 #' @return A \linkS4class{SummarizedExpe...
R/leukemiaAtlas-package.R#L 3 #' @description This package contains a ...
R/mcweeney2010_CMLData.R#L 7 #' This contains information such as sam...
R/mcweeney2010_CMLData.R#L10 #' Specific resources can be retrieved b...
R/mcweeney2010_CMLData.R#L12 #' @return A \linkS4class{SummarizedExpe...
R/mcweeney2010_CMLData.R#L18 #' A gene expression signature of CD34+ ...
R/mcweeney2010_CMLData.R#L19 #' \emph{Blood, The Journal of the Ameri...
R/medyouf2011_ALLData.R#L 7 #' This contains information such as sam...
R/medyouf2011_ALLData.R#L10 #' Specific resources can be retrieved b...
R/medyouf2011_ALLData.R#L12 #' @return A \linkS4class{SummarizedExpe...
R/medyouf2011_ALLData.R#L18 #' High-level IGF1R expression is requir...
R/ng2016_AMLData.R#L 7 #' This contains information such as sam...
R/ng2016_AMLData.R#L10 #' Specific resources can be retrieved b...
R/ng2016_AMLData.R#L12 #' @return A \linkS4class{SummarizedExpe...
R/rosell2011_healthyData.R#L 7 #' This contains information such as sam...
R/rosell2011_healthyData.R#L10 #' Specific resources can be retrieved b...
R/rosell2011_healthyData.R#L12 #' @return A \linkS4class{SummarizedExpe...
R/rosell2011_healthyData.R#L18 #' Brain perihematoma genomic profile fo...
R/shamir2017_healthyData.R#L 7 #' This contains information such as sam...
R/shamir2017_healthyData.R#L10 #' Specific resources can be retrieved b...
R/shamir2017_healthyData.R#L12 #' @return A \linkS4class{SummarizedExpe...
R/sharma2009_healthyData.R#L 7 #' This contains information such as sam...
R/sharma2009_healthyData.R#L10 #' Specific resources can be retrieved b...
R/sharma2009_healthyData.R#L12 #' @return A \linkS4class{SummarizedExpe...
R/sharma2009_healthyData.R#L18 #' Insights in to the pathogenesis of ax...
R/staal2010_ALLData.R#L 7 #' This contains information such as sam...
R/staal2010_ALLData.R#L10 #' Specific resources can be retrieved b...
R/staal2010_ALLData.R#L12 #' @return A \linkS4class{SummarizedExpe...
R/staal2010_ALLData.R#L18 #' Insights in to the pathogenesis of ax...
R/tasaki2017_healthyData.R#L 7 #' This contains information such as sam...
R/tasaki2017_healthyData.R#L10 #' Specific resources can be retrieved b...
R/tasaki2017_healthyData.R#L12 #' @return A \linkS4class{SummarizedExpe...
R/tasaki2017_healthyData.R#L18 #' Multiomic disease signatures converge...
R/tasaki2018_healthyData.R#L 7 #' This contains information such as sam...
R/tasaki2018_healthyData.R#L10 #' Specific resources can be retrieved b...
R/tasaki2018_healthyData.R#L12 #' @return A \linkS4class{SummarizedExpe...
R/tasaki2018_healthyData.R#L18 #' Multi-omics monitoring of drug respon...
R/tyner2018_AMLData.R#L 7 #' This contains information such as sam...
R/tyner2018_AMLData.R#L10 #' Specific resources can be retrieved b...
R/tyner2018_AMLData.R#L12 #' @return A \linkS4class{SummarizedExpe...
R/verhaak2009_AMLData.R#L 7 #' This contains information such as sam...
R/verhaak2009_AMLData.R#L10 #' Specific resources can be retrieved b...
R/verhaak2009_AMLData.R#L12 #' @return A \linkS4class{SummarizedExpe...
R/verhaak2009_AMLData.R#L18 #' Prediction of molecular subtypes in a...
R/warren2009_healthyData.R#L 7 #' This contains information such as sam...
R/warren2009_healthyData.R#L10 #' Specific resources can be retrieved b...
R/warren2009_healthyData.R#L12 #' @return A \linkS4class{SummarizedExpe...
R/xiao2011_healthyData.R#L 7 #' This contains information such as sam...
R/xiao2011_healthyData.R#L10 #' Specific resources can be retrieved b...
R/xiao2011_healthyData.R#L12 #' @return A \linkS4class{SummarizedExpe...
R/zhang2010_CMLData.R#L 7 #' This contains information such as sam...
R/zhang2010_CMLData.R#L10 #' Specific resources can be retrieved b...
R/zhang2010_CMLData.R#L12 #' @return A \linkS4class{SummarizedExpe...
R/zhang2010_CMLData.R#L18 #' Effective targeting of quiescent chro...
R/zhang2013_CMLData.R#L 7 #' This contains information such as sam...
R/zhang2013_CMLData.R#L10 #' Specific resources can be retrieved b...
R/zhang2013_CMLData.R#L12 #' @return A \linkS4class{SummarizedExpe...
R/zhang2013_CMLData.R#L18 #' Microenvironmental protection of CML ...
R/zhang2013_CMLData.R#L19 #' \emph{Blood, The Journal of the Ameri...
R/zhou2010_healthyData.R#L 7 #' This contains information such as sam...
R/zhou2010_healthyData.R#L10 #' Specific resources can be retrieved b...
R/zhou2010_healthyData.R#L12 #' @return A \linkS4class{SummarizedExpe...
R/zhou2010_healthyData.R#L18 #' Analysis of factorial time-course mic...
man/affer2011_CMLData.Rd#L10 A \linkS4class{SummarizedExperiment} obj...
man/affer2011_CMLData.Rd#L17 This contains information such as sample...
man/affer2011_CMLData.Rd#L20 Specific resources can be retrieved by s...
man/affer2011_CMLData.Rd#L28 Gene expression differences between enri...
man/benito2012_CMLData.Rd#L10 A \linkS4class{SummarizedExperiment} obj...
man/benito2012_CMLData.Rd#L17 This contains information such as sample...
man/benito2012_CMLData.Rd#L20 Specific resources can be retrieved by s...
man/benito2012_CMLData.Rd#L28 Imatinib therapy of chronic myeloid leuk...
man/bruennert2009_CMLData.Rd#L10 A \linkS4class{SummarizedExperiment} obj...
man/bruennert2009_CMLData.Rd#L17 This contains information such as sample...
man/bruennert2009_CMLData.Rd#L20 Specific resources can be retrieved by s...
man/bruennert2009_CMLData.Rd#L28 Early in vivo changes of the transcripto...
man/cancer2013_AMLData.Rd#L10 A \linkS4class{SummarizedExperiment} obj...
man/cancer2013_AMLData.Rd#L13 Obtain the CML bulk RNA-seq data from Ca...
man/cancer2013_AMLData.Rd#L17 This contains information such as sample...
man/cancer2013_AMLData.Rd#L20 Specific resources can be retrieved by s...
man/ceroi2016_acuteData.Rd#L10 A \linkS4class{SummarizedExperiment} obj...
man/ceroi2016_acuteData.Rd#L17 This contains information such as sample...
man/ceroi2016_acuteData.Rd#L20 Specific resources can be retrieved by s...
man/ceroi2016_acuteData.Rd#L28 LXR agonist treatment of blastic plasmac...
man/chuang2012_CLLData.Rd#L10 A \linkS4class{SummarizedExperiment} obj...
man/chuang2012_CLLData.Rd#L17 This contains information such as sample...
man/chuang2012_CLLData.Rd#L20 Specific resources can be retrieved by s...
man/chuang2012_CLLData.Rd#L28 Subnetwork-based analysis of chronic lym...
man/chuang2012_CLLData.Rd#L29 \emph{Blood, The Journal of the American...
man/chuang2015_AMLData.Rd#L10 A \linkS4class{SummarizedExperiment} obj...
man/chuang2015_AMLData.Rd#L17 This contains information such as sample...
man/chuang2015_AMLData.Rd#L20 Specific resources can be retrieved by s...
man/chuang2015_AMLData.Rd#L28 Subnetwork-based analysis of chronic lym...
man/chuang2015_AMLData.Rd#L29 \emph{Blood, The Journal of the American...
man/clelland2013_healthyData.Rd#L10 A \linkS4class{SummarizedExperiment} obj...
man/clelland2013_healthyData.Rd#L17 This contains information such as sample...
man/clelland2013_healthyData.Rd#L20 Specific resources can be retrieved by s...
man/clelland2013_healthyData.Rd#L28 Utilization of never-medicated bipolar d...
man/cramer2013_CMLData.Rd#L10 A \linkS4class{SummarizedExperiment} obj...
man/cramer2013_CMLData.Rd#L17 This contains information such as sample...
man/cramer2013_CMLData.Rd#L20 Specific resources can be retrieved by s...
man/cramer2013_CMLData.Rd#L28 Personalized synthetic lethality induced...
man/cramer2013_CMLData.Rd#L29 \emph{Blood, The Journal of the American...
man/de2010_AMLData.Rd#L10 A \linkS4class{SummarizedExperiment} obj...
man/de2010_AMLData.Rd#L17 This contains information such as sample...
man/de2010_AMLData.Rd#L20 Specific resources can be retrieved by s...
man/de2010_AMLData.Rd#L28 High VEGFC expression is associated with...
man/de2010_AMLData.Rd#L29 \emph{Blood, The Journal of the American...
man/grossmann2012_ALLData.Rd#L10 A \linkS4class{SummarizedExperiment} obj...
man/grossmann2012_ALLData.Rd#L17 This contains information such as sample...
man/grossmann2012_ALLData.Rd#L20 Specific resources can be retrieved by s...
man/grossmann2012_ALLData.Rd#L28 EZH2 mutations and their association wit...
man/herold2011_CLLData.Rd#L10 A \linkS4class{SummarizedExperiment} obj...
man/herold2011_CLLData.Rd#L17 This contains information such as sample...
man/herold2011_CLLData.Rd#L20 Specific resources can be retrieved by s...
man/herold2011_CLLData.Rd#L28 An eight-gene expression signature for t...
man/hogan2011_ALLData.Rd#L10 A \linkS4class{SummarizedExperiment} obj...
man/hogan2011_ALLData.Rd#L17 This contains information such as sample...
man/hogan2011_ALLData.Rd#L20 Specific resources can be retrieved by s...
man/hogan2011_ALLData.Rd#L28 Integrated genomic analysis of relapsed ...
man/hogan2011_ALLData.Rd#L29 \emph{Blood, The Journal of the American...
man/huang2010_healthyData.Rd#L10 A \linkS4class{SummarizedExperiment} obj...
man/huang2010_healthyData.Rd#L17 This contains information such as sample...
man/huang2010_healthyData.Rd#L20 Specific resources can be retrieved by s...
man/huang2010_healthyData.Rd#L28 Novel blood biomarkers of pancreatic can...
man/huang2010_healthyData.Rd#L29 \emph{Official journal of the American C...
man/karlovich2009_healthyData.Rd#L10 A \linkS4class{SummarizedExperiment} obj...
man/karlovich2009_healthyData.Rd#L17 This contains information such as sample...
man/karlovich2009_healthyData.Rd#L20 Specific resources can be retrieved by s...
man/klein2009_AMLData.Rd#L10 A \linkS4class{SummarizedExperiment} obj...
man/klein2009_AMLData.Rd#L17 This contains information such as sample...
man/klein2009_AMLData.Rd#L20 Specific resources can be retrieved by s...
man/kohlmann2008_allData.Rd#L10 A \linkS4class{SummarizedExperiment} obj...
man/kohlmann2008_allData.Rd#L13 Obtain the AML, ALL, CML, CLL and health...
man/kohlmann2008_allData.Rd#L17 This contains information such as sample...
man/kohlmann2008_allData.Rd#L20 Specific resources can be retrieved by s...
man/kohlmann2008_allData.Rd#L28 An international standardization program...
man/kong2012_healthyData.Rd#L10 A \linkS4class{SummarizedExperiment} obj...
man/kong2012_healthyData.Rd#L17 This contains information such as sample...
man/kong2012_healthyData.Rd#L20 Specific resources can be retrieved by s...
man/kong2012_healthyData.Rd#L28 characteristics and predictive value of ...
man/krug2009_healthyData.Rd#L10 A \linkS4class{SummarizedExperiment} obj...
man/krug2009_healthyData.Rd#L17 This contains information such as sample...
man/krug2009_healthyData.Rd#L20 Specific resources can be retrieved by s...
man/lauwerys2013_healthyData.Rd#L10 A \linkS4class{SummarizedExperiment} obj...
man/lauwerys2013_healthyData.Rd#L17 This contains information such as sample...
man/lauwerys2013_healthyData.Rd#L20 Specific resources can be retrieved by s...
man/lauwerys2013_healthyData.Rd#L28 Down-regulation of interferon signature ...
man/leday2018_healthyData.Rd#L10 A \linkS4class{SummarizedExperiment} obj...
man/leday2018_healthyData.Rd#L17 This contains information such as sample...
man/leday2018_healthyData.Rd#L20 Specific resources can be retrieved by s...
man/leday2018_healthyData.Rd#L28 Replicable and coupled changes in innate...
man/leukemia_refData.Rd#L10 A \linkS4class{SummarizedExperiment} obj...
man/leukemia_refData.Rd#L16 Column metadata contains information suc...
man/leukemia_refData.Rd#L19 Specific resources can be retrieved by s...
man/leukemiasAtlas-package.Rd#L10 This package contains a collection of 38...
man/mcweeney2010_CMLData.Rd#L10 A \linkS4class{SummarizedExperiment} obj...
man/mcweeney2010_CMLData.Rd#L17 This contains information such as sample...
man/mcweeney2010_CMLData.Rd#L20 Specific resources can be retrieved by s...
man/mcweeney2010_CMLData.Rd#L28 A gene expression signature of CD34+ cel...
man/medyouf2011_ALLData.Rd#L10 A \linkS4class{SummarizedExperiment} obj...
man/medyouf2011_ALLData.Rd#L17 This contains information such as sample...
man/medyouf2011_ALLData.Rd#L20 Specific resources can be retrieved by s...
man/medyouf2011_ALLData.Rd#L28 High-level IGF1R expression is required ...
man/ng2016_AMLData.Rd#L10 A \linkS4class{SummarizedExperiment} obj...
man/ng2016_AMLData.Rd#L17 This contains information such as sample...
man/ng2016_AMLData.Rd#L20 Specific resources can be retrieved by s...
man/rosell2011_healthyData.Rd#L10 A \linkS4class{SummarizedExperiment} obj...
man/rosell2011_healthyData.Rd#L17 This contains information such as sample...
man/rosell2011_healthyData.Rd#L20 Specific resources can be retrieved by s...
man/rosell2011_healthyData.Rd#L28 Brain perihematoma genomic profile follo...
man/shamir2017_healthyData.Rd#L10 A \linkS4class{SummarizedExperiment} obj...
man/shamir2017_healthyData.Rd#L17 This contains information such as sample...
man/shamir2017_healthyData.Rd#L20 Specific resources can be retrieved by s...
man/sharma2009_healthyData.Rd#L12 A \linkS4class{SummarizedExperiment} obj...
man/sharma2009_healthyData.Rd#L14 A \linkS4class{SummarizedExperiment} obj...
man/sharma2009_healthyData.Rd#L23 This contains information such as sample...
man/sharma2009_healthyData.Rd#L26 Specific resources can be retrieved by s...
man/sharma2009_healthyData.Rd#L29 This contains information such as sample...
man/sharma2009_healthyData.Rd#L32 Specific resources can be retrieved by s...
man/sharma2009_healthyData.Rd#L42 Insights in to the pathogenesis of axial...
man/sharma2009_healthyData.Rd#L46 Insights in to the pathogenesis of axial...
man/tasaki2017_healthyData.Rd#L13 A \linkS4class{SummarizedExperiment} obj...
man/tasaki2017_healthyData.Rd#L15 A \linkS4class{SummarizedExperiment} obj...
man/tasaki2017_healthyData.Rd#L24 This contains information such as sample...
man/tasaki2017_healthyData.Rd#L27 Specific resources can be retrieved by s...
man/tasaki2017_healthyData.Rd#L30 This contains information such as sample...
man/tasaki2017_healthyData.Rd#L33 Specific resources can be retrieved by s...
man/tasaki2017_healthyData.Rd#L43 Multiomic disease signatures converge to...
man/tasaki2017_healthyData.Rd#L47 Multi-omics monitoring of drug response ...
man/tyner2018_AMLData.Rd#L10 A \linkS4class{SummarizedExperiment} obj...
man/tyner2018_AMLData.Rd#L17 This contains information such as sample...
man/tyner2018_AMLData.Rd#L20 Specific resources can be retrieved by s...
man/verhaak2009_AMLData.Rd#L10 A \linkS4class{SummarizedExperiment} obj...
man/verhaak2009_AMLData.Rd#L17 This contains information such as sample...
man/verhaak2009_AMLData.Rd#L20 Specific resources can be retrieved by s...
man/verhaak2009_AMLData.Rd#L28 Prediction of molecular subtypes in acut...
man/warren2009_healthyData.Rd#L10 A \linkS4class{SummarizedExperiment} obj...
man/warren2009_healthyData.Rd#L17 This contains information such as sample...
man/warren2009_healthyData.Rd#L20 Specific resources can be retrieved by s...
man/xiao2011_healthyData.Rd#L10 A \linkS4class{SummarizedExperiment} obj...
man/xiao2011_healthyData.Rd#L17 This contains information such as sample...
man/xiao2011_healthyData.Rd#L20 Specific resources can be retrieved by s...
man/zhang2010_CMLData.Rd#L10 A \linkS4class{SummarizedExperiment} obj...
man/zhang2010_CMLData.Rd#L17 This contains information such as sample...
man/zhang2010_CMLData.Rd#L20 Specific resources can be retrieved by s...
man/zhang2010_CMLData.Rd#L28 Effective targeting of quiescent chronic...
man/zhang2013_CMLData.Rd#L10 A \linkS4class{SummarizedExperiment} obj...
man/zhang2013_CMLData.Rd#L17 This contains information such as sample...
man/zhang2013_CMLData.Rd#L20 Specific resources can be retrieved by s...
man/zhang2013_CMLData.Rd#L28 Microenvironmental protection of CML ste...
man/zhang2013_CMLData.Rd#L29 \emph{Blood, The Journal of the American...
man/zhou2010_healthyData.Rd#L10 A \linkS4class{SummarizedExperiment} obj...
man/zhou2010_healthyData.Rd#L17 This contains information such as sample...
man/zhou2010_healthyData.Rd#L20 Specific resources can be retrieved by s...
man/zhou2010_healthyData.Rd#L28 Analysis of factorial time-course microa...
* NOTE: Consider multiples of 4 spaces for line indents; 86 lines (4%) are not.
First few lines:
R/affer2011_CMLData.R#L27   sce <- .create_sce("affer2011_CML")...
R/affer2011_CMLData.R#L28   sce...
R/benito2012_CMLData.R#L27   sce <- .create_sce("benito2012_CML")...
R/benito2012_CMLData.R#L28   sce...
R/bruennert2009_CMLData.R#L27   sce <- .create_sce("bruennert2009_CML"...
R/bruennert2009_CMLData.R#L28   sce...
R/cancer2013_AMLData.R#L27   sce <- .create_sce("cancer2013_AML")...
R/cancer2013_AMLData.R#L28   sce...
R/ceroi2016_acuteData.R#L27   sce <- .create_sce("ceroi2016_acute")...
R/ceroi2016_acuteData.R#L28   sce...
R/chuang2012_CLLData.R#L27   sce <- .create_sce("chuang2012_CLL")...
R/chuang2012_CLLData.R#L28   sce...
R/chuang2015_AMLData.R#L27   sce <- .create_sce("chuang2012_CLL")...
R/chuang2015_AMLData.R#L28   sce...
R/clelland2013_healthyData.R#L27   sce <- .create_sce("clelland2013_healt...
R/clelland2013_healthyData.R#L28   sce...
R/cramer2013_CMLData.R#L27   sce <- .create_sce("cramer2013_CML")...
R/cramer2013_CMLData.R#L28   sce...
R/create_S4object.R#L 4   host <- file.path('leukemiasAtlas', da...
R/create_S4object.R#L 5   load(paste0(host, '/', dataset, '_rank...
R/create_S4object.R#L 7   if (has.colData){...
R/create_S4object.R#L10                          rowData = rowDa...
R/create_S4object.R#L11                          colData = colDa...
R/create_S4object.R#L12   }else{...
R/create_S4object.R#L14                          rowData = rowDa...
R/create_S4object.R#L15   }...
R/de2010_AMLData.R#L27   sce <- .create_sce("de2010_AML")...
R/de2010_AMLData.R#L28   sce...
R/grossmann2012_ALLData.R#L27   sce <- .create_sce("grossmann2012_ALL"...
R/grossmann2012_ALLData.R#L28   sce...
R/herold2011_CLLData.R#L27   sce <- .create_sce("herold2011_CLL")...
R/herold2011_CLLData.R#L28   sce...
R/hogan2011_ALLData.R#L27   sce <- .create_sce("hogan2011_ALL")...
R/hogan2011_ALLData.R#L28   sce...
R/huang2010_healthyData.R#L27   sce <- .create_sce("huang2010_healthy"...
R/huang2010_healthyData.R#L28   sce...
R/karlovich2009_healthyData.R#L27   sce <- .create_sce("karlovich2009_heal...
R/karlovich2009_healthyData.R#L28   sce...
R/klein2009_AMLData.R#L27   sce <- .create_sce("klein2009_AML")...
R/klein2009_AMLData.R#L28   sce...
R/kohlmann2008_allData.R#L27   sce <- .create_sce("kohlmann2008_all")...
R/kohlmann2008_allData.R#L28   sce...
R/kong2012_healthyData.R#L27   sce <- .create_sce("kong2012_healthy")...
R/kong2012_healthyData.R#L28   sce...
R/krug2009_healthyData.R#L27   sce <- .create_sce("krug2009_healthy")...
R/krug2009_healthyData.R#L28   sce...
R/lauwerys2013_healthyData.R#L27   sce <- .create_sce("lauwerys2013_healt...
R/lauwerys2013_healthyData.R#L28   sce...
R/leday2018_healthyData.R#L27   sce <- .create_sce("leday2018_healthy"...
R/leday2018_healthyData.R#L28   sce...
R/leukemia_refData.R#L21   sce <- .create_sce("leukemia_ref")...
R/leukemia_refData.R#L22   sce...
R/mcweeney2010_CMLData.R#L27   sce <- .create_sce("mcweeney2010_CML")...
R/mcweeney2010_CMLData.R#L28   sce...
R/medyouf2011_ALLData.R#L27   sce <- .create_sce("medyouf2011_ALL")...
R/medyouf2011_ALLData.R#L28   sce...
R/ng2016_AMLData.R#L27   sce <- .create_sce("ng2016_AML")...
R/ng2016_AMLData.R#L28   sce...
R/rosell2011_healthyData.R#L27   sce <- .create_sce("rosell2011_healthy...
R/rosell2011_healthyData.R#L28   sce...
R/shamir2017_healthyData.R#L27   sce <- .create_sce("shamir2017_healthy...
R/shamir2017_healthyData.R#L28   sce...
R/sharma2009_healthyData.R#L27   sce <- .create_sce("sharma2009_healthy...
R/sharma2009_healthyData.R#L28   sce...
R/staal2010_ALLData.R#L27   sce <- .create_sce("sharma2009_healthy...
R/staal2010_ALLData.R#L28   sce...
R/tasaki2017_healthyData.R#L27   sce <- .create_sce("tasaki2017_healthy...
R/tasaki2017_healthyData.R#L28   sce...
R/tasaki2018_healthyData.R#L27   sce <- .create_sce("tasaki2017_healthy...
R/tasaki2018_healthyData.R#L28   sce...
R/tyner2018_AMLData.R#L27   sce <- .create_sce("tyner2018_AML")...
R/tyner2018_AMLData.R#L28   sce...
R/verhaak2009_AMLData.R#L27   sce <- .create_sce("verhaak2009_AML")...
R/verhaak2009_AMLData.R#L28   sce...
R/warren2009_healthyData.R#L27   sce <- .create_sce("warren2009_healthy...
R/warren2009_healthyData.R#L28   sce...
R/xiao2011_healthyData.R#L27   sce <- .create_sce("xiao2011_healthy")...
R/xiao2011_healthyData.R#L28   sce...
R/zhang2010_CMLData.R#L27   sce <- .create_sce("zhang2010_CML")...
R/zhang2010_CMLData.R#L28   sce...
R/zhang2013_CMLData.R#L27   sce <- .create_sce("zhang2013_CML")...
R/zhang2013_CMLData.R#L28   sce...
R/zhou2010_healthyData.R#L27   sce <- .create_sce("zhou2010_healthy")...
R/zhou2010_healthyData.R#L28   sce...
vignettes/leukemiaAtlas.Rmd#L 4   collapse = TRUE,...
vignettes/leukemiaAtlas.Rmd#L 5   comment = "#>"...
* Checking if package already exists in CRAN... OK
* Checking for bioc-devel mailing list subscription...
* NOTE: Cannot determine whether maintainer is subscribed to the Bioc-Devel mailing list (requires admin credentials). Subscribe here: https://stat.ethz.ch/mailman/listinfo/bioc-devel
* Checking for support site registration... OK
